Starting a Gradle Daemon, 1 busy Daemon could not be reused, use --status for details
Calculating task graph as no cached configuration is available for tasks: assembleDevDebug
> Task :build-logic:convention:checkKotlinGradlePluginConfigurationErrors SKIPPED
> Task :build-logic:convention:compileKotlin UP-TO-DATE
> Task :build-logic:convention:compileJava NO-SOURCE
> Task :build-logic:convention:pluginDescriptors UP-TO-DATE
> Task :build-logic:convention:processResources UP-TO-DATE
> Task :build-logic:convention:classes UP-TO-DATE
> Task :build-logic:convention:jar UP-TO-DATE
> Task :core:model:preBuild UP-TO-DATE
> Task :core:ui:preBuild UP-TO-DATE
> Task :core:data:preBuild UP-TO-DATE
> Task :core:data:preDebugBuild UP-TO-DATE
> Task :core:ui:preDebugBuild UP-TO-DATE
> Task :app:preBuild UP-TO-DATE
> Task :app:preDevDebugBuild UP-TO-DATE
> Task :core:model:preDebugBuild UP-TO-DATE
> Task :app:mergeDevDebugNativeDebugMetadata NO-SOURCE
> Task :app:generateDevDebugResources
> Task :core:ui:processDebugNavigationResources
> Task :core:model:processDebugNavigationResources
> Task :core:data:processDebugNavigationResources
> Task :feature:profile:preBuild UP-TO-DATE
> Task :feature:profile:preDebugBuild UP-TO-DATE
> Task :feature:settings:preBuild UP-TO-DATE
> Task :feature:onboarding:preBuild UP-TO-DATE
> Task :feature:onboarding:preDebugBuild UP-TO-DATE
> Task :feature:settings:preDebugBuild UP-TO-DATE
> Task :feature:profile:processDebugNavigationResources FROM-CACHE
> Task :feature:settings:processDebugNavigationResources FROM-CACHE
> Task :feature:workout:preBuild UP-TO-DATE
> Task :feature:workout:preDebugBuild UP-TO-DATE
> Task :feature:onboarding:processDebugNavigationResources FROM-CACHE
> Task :feature:workout:processDebugNavigationResources FROM-CACHE
> Task :core:data:generateDebugResources
> Task :core:model:generateDebugResources
> Task :core:data:packageDebugResources
> Task :core:model:packageDebugResources
> Task :app:packageDevDebugResources
> Task :core:model:parseDebugLocalResources
> Task :core:data:parseDebugLocalResources
> Task :core:model:javaPreCompileDebug
> Task :core:model:generateDebugRFile
> Task :core:data:generateDebugRFile
> Task :core:ui:generateDebugResources FROM-CACHE
> Task :core:ui:packageDebugResources
> Task :core:ui:parseDebugLocalResources FROM-CACHE
> Task :core:ui:generateDebugRFile
> Task :core:data:javaPreCompileDebug
> Task :core:ui:javaPreCompileDebug FROM-CACHE
> Task :feature:onboarding:generateDebugResources FROM-CACHE
> Task :feature:onboarding:packageDebugResources
> Task :feature:onboarding:parseDebugLocalResources FROM-CACHE
> Task :feature:onboarding:generateDebugRFile
> Task :feature:onboarding:javaPreCompileDebug
> Task :feature:profile:generateDebugResources FROM-CACHE
> Task :feature:profile:packageDebugResources
> Task :feature:profile:parseDebugLocalResources FROM-CACHE
> Task :feature:profile:generateDebugRFile
> Task :feature:profile:javaPreCompileDebug FROM-CACHE
> Task :feature:settings:generateDebugResources FROM-CACHE
> Task :feature:settings:packageDebugResources
> Task :feature:settings:parseDebugLocalResources FROM-CACHE
> Task :feature:settings:generateDebugRFile
> Task :feature:settings:javaPreCompileDebug FROM-CACHE
> Task :feature:workout:generateDebugResources FROM-CACHE
> Task :feature:workout:packageDebugResources
> Task :app:processDevDebugNavigationResources
> Task :feature:workout:parseDebugLocalResources FROM-CACHE
> Task :feature:workout:generateDebugRFile
> Task :feature:workout:javaPreCompileDebug FROM-CACHE
> Task :app:javaPreCompileDevDebug FROM-CACHE
> Task :app:generateDevDebugAssets UP-TO-DATE
> Task :core:data:generateDebugAssets UP-TO-DATE
> Task :app:parseDevDebugLocalResources
> Task :app:generateDevDebugRFile
> Task :core:model:generateDebugAssets UP-TO-DATE
> Task :core:data:mergeDebugAssets
> Task :core:ui:generateDebugAssets UP-TO-DATE
> Task :core:model:mergeDebugAssets
> Task :feature:onboarding:generateDebugAssets UP-TO-DATE
> Task :core:ui:mergeDebugAssets
> Task :feature:profile:generateDebugAssets UP-TO-DATE
> Task :feature:profile:mergeDebugAssets
> Task :feature:settings:generateDebugAssets UP-TO-DATE
> Task :feature:onboarding:mergeDebugAssets
> Task :feature:settings:mergeDebugAssets
> Task :feature:workout:generateDebugAssets UP-TO-DATE
> Task :feature:workout:mergeDebugAssets
> Task :app:desugarDevDebugFileDependencies
> Task :core:data:writeDebugAarMetadata
> Task :core:model:writeDebugAarMetadata
> Task :core:ui:writeDebugAarMetadata
> Task :feature:onboarding:writeDebugAarMetadata
> Task :app:mergeDevDebugAssets
> Task :feature:profile:writeDebugAarMetadata
> Task :feature:settings:writeDebugAarMetadata
> Task :feature:workout:writeDebugAarMetadata
> Task :app:compressDevDebugAssets
> Task :app:compileDevDebugNavigationResources
> Task :app:mapDevDebugSourceSetPaths
> Task :app:checkDevDebugAarMetadata
> Task :app:createDevDebugCompatibleScreenManifests
> Task :app:extractDeepLinksDevDebug
> Task :core:data:extractDeepLinksDebug
> Task :core:data:processDebugManifest
> Task :core:model:extractDeepLinksDebug FROM-CACHE
> Task :core:model:processDebugManifest
> Task :core:ui:extractDeepLinksDebug FROM-CACHE
> Task :core:ui:processDebugManifest
> Task :feature:onboarding:extractDeepLinksDebug FROM-CACHE
> Task :feature:onboarding:processDebugManifest
> Task :feature:profile:extractDeepLinksDebug FROM-CACHE
> Task :feature:profile:processDebugManifest
> Task :feature:settings:extractDeepLinksDebug FROM-CACHE
> Task :feature:settings:processDebugManifest
> Task :feature:workout:extractDeepLinksDebug FROM-CACHE
> Task :feature:workout:processDebugManifest
> Task :app:mergeDevDebugResources
> Task :core:data:compileDebugLibraryResources
> Task :core:model:compileDebugLibraryResources FROM-CACHE
> Task :core:ui:compileDebugLibraryResources FROM-CACHE
> Task :feature:onboarding:compileDebugLibraryResources FROM-CACHE
> Task :feature:profile:compileDebugLibraryResources FROM-CACHE
> Task :feature:settings:compileDebugLibraryResources FROM-CACHE
> Task :feature:workout:compileDebugLibraryResources FROM-CACHE
> Task :app:processDevDebugMainManifest
> Task :app:processDevDebugManifest
> Task :app:processDevDebugManifestForPackage
> Task :app:checkDevDebugDuplicateClasses
> Task :core:model:compileDebugKotlin
> Task :core:ui:compileDebugKotlin
> Task :app:processDevDebugResources
> Task :core:ui:compileDebugJavaWithJavac NO-SOURCE
> Task :core:model:compileDebugJavaWithJavac NO-SOURCE
> Task :app:mergeExtDexDevDebug
> Task :core:model:bundleLibCompileToJarDebug
> Task :core:ui:bundleLibCompileToJarDebug
> Task :core:model:bundleLibRuntimeToJarDebug
> Task :core:ui:bundleLibRuntimeToJarDebug
> Task :core:model:processDebugJavaRes
> Task :core:ui:processDebugJavaRes
> Task :core:data:kspDebugKotlin
> Task :core:ui:bundleLibRuntimeToDirDebug
> Task :core:model:bundleLibRuntimeToDirDebug
> Task :app:mergeDevDebugJniLibFolders
> Task :core:data:mergeDebugJniLibFolders
> Task :core:data:mergeDebugNativeLibs NO-SOURCE
> Task :core:model:mergeDebugJniLibFolders
> Task :core:model:mergeDebugNativeLibs NO-SOURCE
> Task :core:data:copyDebugJniLibsProjectOnly
> Task :core:ui:mergeDebugJniLibFolders
> Task :core:ui:mergeDebugNativeLibs NO-SOURCE
> Task :core:model:copyDebugJniLibsProjectOnly
> Task :feature:onboarding:mergeDebugJniLibFolders
> Task :feature:onboarding:mergeDebugNativeLibs NO-SOURCE
> Task :core:ui:copyDebugJniLibsProjectOnly
> Task :feature:onboarding:copyDebugJniLibsProjectOnly
> Task :feature:settings:mergeDebugJniLibFolders
> Task :feature:settings:mergeDebugNativeLibs NO-SOURCE
> Task :feature:profile:mergeDebugJniLibFolders
> Task :feature:profile:mergeDebugNativeLibs NO-SOURCE
> Task :feature:profile:copyDebugJniLibsProjectOnly
> Task :feature:settings:copyDebugJniLibsProjectOnly
> Task :feature:workout:mergeDebugJniLibFolders
> Task :feature:workout:mergeDebugNativeLibs NO-SOURCE
> Task :feature:workout:copyDebugJniLibsProjectOnly
> Task :app:validateSigningDevDebug
> Task :app:writeDevDebugAppMetadata
> Task :app:writeDevDebugSigningConfigVersions

> Task :core:data:compileDebugKotlin
w: file:///app/core/data/src/main/java/com/sjn/gym/core/data/repository/UserProfileRepository.kt:23:5 This annotation is currently applied to the value parameter only, but in the future it will also be applied to field.
- To opt in to applying to both value parameter and field, add '-Xannotation-default-target=param-property' to your compiler arguments.
- To keep applying to the value parameter only, use the '@param:' annotation target.

See https://youtrack.jetbrains.com/issue/KT-73255 for more details.

> Task :core:data:processDebugJavaRes
> Task :app:mergeDevDebugNativeLibs
> Task :core:data:compileDebugJavaWithJavac
> Task :core:data:transformDebugClassesWithAsm
> Task :core:data:bundleLibCompileToJarDebug
> Task :core:data:bundleLibRuntimeToJarDebug
> Task :feature:profile:kspDebugKotlin
Exception in thread "AWT-EventQueue-0" java.lang.NullPointerException: Cannot invoke "ksp.com.intellij.openapi.application.Application.getService(java.lang.Class)" because the return value of "ksp.com.intellij.openapi.application.ApplicationManager.getApplication()" is null
	at ksp.com.intellij.openapi.fileEditor.FileDocumentManager.getInstance(FileDocumentManager.java:35)
	at ksp.com.intellij.openapi.fileTypes.BinaryFileTypeDecompilers.lambda$notifyDecompilerSetChange$1(BinaryFileTypeDecompilers.java:29)
	at java.desktop/java.awt.event.InvocationEvent.dispatch(InvocationEvent.java:318)
	at java.desktop/java.awt.EventQueue.dispatchEventImpl(EventQueue.java:773)
	at java.desktop/java.awt.EventQueue$4.run(EventQueue.java:720)
	at java.desktop/java.awt.EventQueue$4.run(EventQueue.java:714)
	at java.base/java.security.AccessController.doPrivileged(AccessController.java:400)
	at java.base/java.security.ProtectionDomain$JavaSecurityAccessImpl.doIntersectionPrivilege(ProtectionDomain.java:87)
	at java.desktop/java.awt.EventQueue.dispatchEvent(EventQueue.java:742)
	at java.desktop/java.awt.EventDispatchThread.pumpOneEventForFilters(EventDispatchThread.java:203)
	at java.desktop/java.awt.EventDispatchThread.pumpEventsForFilter(EventDispatchThread.java:124)
	at java.desktop/java.awt.EventDispatchThread.pumpEventsForHierarchy(EventDispatchThread.java:113)
	at java.desktop/java.awt.EventDispatchThread.pumpEvents(EventDispatchThread.java:109)
	at java.desktop/java.awt.EventDispatchThread.pumpEvents(EventDispatchThread.java:101)
	at java.desktop/java.awt.EventDispatchThread.run(EventDispatchThread.java:90)
> Task :feature:onboarding:kspDebugKotlin
> Task :feature:profile:compileDebugKotlin
> Task :feature:profile:compileDebugJavaWithJavac NO-SOURCE
> Task :feature:onboarding:compileDebugKotlin
> Task :feature:profile:transformDebugClassesWithAsm
> Task :feature:profile:bundleLibCompileToJarDebug
> Task :feature:settings:kspDebugKotlin
> Task :feature:onboarding:compileDebugJavaWithJavac
> Task :feature:onboarding:transformDebugClassesWithAsm
> Task :feature:onboarding:bundleLibCompileToJarDebug
> Task :feature:settings:compileDebugKotlin
Exception in thread "AWT-EventQueue-0" java.lang.NullPointerException: Cannot invoke "ksp.com.intellij.openapi.application.Application.getService(java.lang.Class)" because the return value of "ksp.com.intellij.openapi.application.ApplicationManager.getApplication()" is null
	at ksp.com.intellij.openapi.fileEditor.FileDocumentManager.getInstance(FileDocumentManager.java:35)
	at ksp.com.intellij.openapi.fileTypes.BinaryFileTypeDecompilers.lambda$notifyDecompilerSetChange$1(BinaryFileTypeDecompilers.java:29)
	at java.desktop/java.awt.event.InvocationEvent.dispatch(InvocationEvent.java:318)
	at java.desktop/java.awt.EventQueue.dispatchEventImpl(EventQueue.java:773)
	at java.desktop/java.awt.EventQueue$4.run(EventQueue.java:720)
	at java.desktop/java.awt.EventQueue$4.run(EventQueue.java:714)
	at java.base/java.security.AccessController.doPrivileged(AccessController.java:400)
	at java.base/java.security.ProtectionDomain$JavaSecurityAccessImpl.doIntersectionPrivilege(ProtectionDomain.java:87)
	at java.desktop/java.awt.EventQueue.dispatchEvent(EventQueue.java:742)
	at java.desktop/java.awt.EventDispatchThread.pumpOneEventForFilters(EventDispatchThread.java:203)
	at java.desktop/java.awt.EventDispatchThread.pumpEventsForFilter(EventDispatchThread.java:124)
	at java.desktop/java.awt.EventDispatchThread.pumpEventsForHierarchy(EventDispatchThread.java:113)
	at java.desktop/java.awt.EventDispatchThread.pumpEvents(EventDispatchThread.java:109)
	at java.desktop/java.awt.EventDispatchThread.pumpEvents(EventDispatchThread.java:101)
	at java.desktop/java.awt.EventDispatchThread.run(EventDispatchThread.java:90)
> Task :feature:workout:kspDebugKotlin
> Task :feature:settings:compileDebugJavaWithJavac
> Task :feature:settings:transformDebugClassesWithAsm
> Task :feature:settings:bundleLibCompileToJarDebug
> Task :feature:onboarding:bundleLibRuntimeToJarDebug
> Task :feature:settings:bundleLibRuntimeToJarDebug
> Task :feature:profile:bundleLibRuntimeToJarDebug
> Task :feature:onboarding:processDebugJavaRes
> Task :feature:profile:processDebugJavaRes
> Task :feature:settings:processDebugJavaRes
> Task :feature:onboarding:bundleLibRuntimeToDirDebug
> Task :feature:settings:bundleLibRuntimeToDirDebug
> Task :feature:workout:compileDebugKotlin
> Task :feature:workout:processDebugJavaRes
> Task :feature:profile:bundleLibRuntimeToDirDebug
> Task :core:data:bundleLibRuntimeToDirDebug
> Task :feature:workout:compileDebugJavaWithJavac
> Task :feature:workout:transformDebugClassesWithAsm
> Task :feature:workout:bundleLibRuntimeToJarDebug
> Task :feature:workout:bundleLibCompileToJarDebug
> Task :feature:workout:bundleLibRuntimeToDirDebug
> Task :app:mergeLibDexDevDebug
Exception in thread "AWT-EventQueue-0" java.lang.NullPointerException: Cannot invoke "ksp.com.intellij.openapi.application.Application.getService(java.lang.Class)" because the return value of "ksp.com.intellij.openapi.application.ApplicationManager.getApplication()" is null
	at ksp.com.intellij.openapi.fileEditor.FileDocumentManager.getInstance(FileDocumentManager.java:35)
	at ksp.com.intellij.openapi.fileTypes.BinaryFileTypeDecompilers.lambda$notifyDecompilerSetChange$1(BinaryFileTypeDecompilers.java:29)
	at java.desktop/java.awt.event.InvocationEvent.dispatch(InvocationEvent.java:318)
	at java.desktop/java.awt.EventQueue.dispatchEventImpl(EventQueue.java:773)
	at java.desktop/java.awt.EventQueue$4.run(EventQueue.java:720)
	at java.desktop/java.awt.EventQueue$4.run(EventQueue.java:714)
	at java.base/java.security.AccessController.doPrivileged(AccessController.java:400)
	at java.base/java.security.ProtectionDomain$JavaSecurityAccessImpl.doIntersectionPrivilege(ProtectionDomain.java:87)
	at java.desktop/java.awt.EventQueue.dispatchEvent(EventQueue.java:742)
	at java.desktop/java.awt.EventDispatchThread.pumpOneEventForFilters(EventDispatchThread.java:203)
	at java.desktop/java.awt.EventDispatchThread.pumpEventsForFilter(EventDispatchThread.java:124)
	at java.desktop/java.awt.EventDispatchThread.pumpEventsForHierarchy(EventDispatchThread.java:113)
	at java.desktop/java.awt.EventDispatchThread.pumpEvents(EventDispatchThread.java:109)
	at java.desktop/java.awt.EventDispatchThread.pumpEvents(EventDispatchThread.java:101)
	at java.desktop/java.awt.EventDispatchThread.run(EventDispatchThread.java:90)
> Task :app:kspDevDebugKotlin

> Task :app:stripDevDebugDebugSymbols
Unable to strip the following libraries, packaging them as they are: libandroidx.graphics.path.so, libdatastore_shared_counter.so. Run with --info option to learn more.

> Task :app:compileDevDebugKotlin
> Task :app:processDevDebugJavaRes
> Task :app:compileDevDebugJavaWithJavac
> Task :app:hiltSyncDevDebug
> Task :app:hiltAggregateDepsDevDebug
> Task :app:mergeDevDebugJavaResource
> Task :app:hiltJavaCompileDevDebug
> Task :app:transformDevDebugClassesWithAsm
> Task :app:dexBuilderDevDebug
> Task :app:mergeDevDebugGlobalSynthetics
> Task :app:mergeProjectDexDevDebug
> Task :app:packageDevDebug
> Task :app:assembleDevDebug
> Task :app:createDevDebugApkListingFileRedirect

BUILD SUCCESSFUL in 5m 6s
186 actionable tasks: 151 executed, 31 from cache, 4 up-to-date
Configuration cache entry stored.
