> Task :app:clean
> Task :app:checkKotlinGradlePluginConfigurationErrors SKIPPED
> Task :app:preBuild UP-TO-DATE
> Task :app:preDevDebugBuild UP-TO-DATE
> Task :app:generateDevDebugBuildConfig
> Task :app:generateDevDebugResValues
> Task :app:checkDevDebugAarMetadata
> Task :app:mapDevDebugSourceSetPaths
> Task :app:generateDevDebugResources
> Task :app:packageDevDebugResources
> Task :app:createDevDebugCompatibleScreenManifests
> Task :app:extractDeepLinksDevDebug
> Task :app:parseDevDebugLocalResources
> Task :app:mergeDevDebugResources
> Task :app:processDevDebugMainManifest
> Task :app:processDevDebugManifest
> Task :app:processDevDebugManifestForPackage
> Task :app:javaPreCompileDevDebug
> Task :app:extractProguardFiles
> Task :app:processDevDebugResources
> Task :app:kspDevDebugKotlin
> Task :app:compileDevDebugKotlin
> Task :app:compileDevDebugJavaWithJavac
> Task :app:hiltAggregateDepsDevDebug
> Task :app:hiltJavaCompileDevDebug
> Task :app:lintAnalyzeDevDebug FAILED

[Incubating] Problems report is available at: file:///app/build/reports/problems/problems-report.html

FAILURE: Build failed with an exception.

* What went wrong:
Execution failed for task ':app:lintAnalyzeDevDebug'.
> A failure occurred while executing com.android.build.gradle.internal.lint.AndroidLintWorkAction
   > Unexpected failure during lint analysis (this is a bug in lint or one of the libraries it depends on)

     Message: Unexpected failure during lint analysis (this is a bug in lint or one of the libraries it depends on)

     Message: Unexpected failure during lint analysis of MainActivity.kt (this is a bug in lint or one of the libraries it depends on)

     Message: Found class org.jetbrains.kotlin.analysis.api.resolution.KaCallableMemberCall, but interface was expected

     The crash seems to involve the detector \\\`androidx.lifecycle.lint.NonNullableMutableLiveDataDetector\\\`.
     You can try disabling it with something like this:
         android {
             lint {
                 disable "NullSafeMutableLiveData"
             }
         }

     Stack: \\\`IncompatibleClassChangeError:NonNullableMutableLiveDataDetector$createUastHandler$1.visitCallExpression(NonNullableMutableLiveDataDetector.kt:140)←UElementVisitor$DispatchUastVisitor.visitCallExpression(UElementVisitor.kt:412)←UElementVisitor$DelegatingUastVisitor.visitCallExpression(UElementVisitor.kt:756)←UCallExpression.accept(UCallExpression.kt:94)←UQualifiedReferenceExpression.accept(UQualifiedReferenceExpression.kt:34)←ImplementationUtilsKt.acceptList(implementationUtils.kt:15)←UBlockExpression.accept(UBlockExpression.kt:21)←UMethod.accept(UMethod.kt:45)←ImplementationUtilsKt.acceptList(implementationUtils.kt:15)←AbstractKotlinUClass.accept(AbstractKotlinUClass.kt:213)←ImplementationUtilsKt.acceptList(implementationUtils.kt:15)←UFile.accept(UFile.kt:89)←UastLintUtilsKt.acceptSourceFile(UastLintUtils.kt:953)←UElementVisitor$visitFile$3.run(UElementVisitor.kt:216)←LintClient.runReadAction(LintClient.kt:1781)←LintDriver$LintClientWrapper.runReadAction(LintDriver.kt:2747)←UElementVisitor.visitFile(UElementVisitor.kt:213)←LintDriver$visitUastDetectors$1.run(LintDriver.kt:2048)←LintClient.runReadAction(LintClient.kt:1781)←LintDriver$LintClientWrapper.runReadAction(LintDriver.kt:2747)←LintDriver.visitUastDetectors(LintDriver.kt:2048)←LintDriver.visitUast(LintDriver.kt:2010)←LintDriver.runFileDetectors(LintDriver.kt:1284)←LintDriver.checkProject(LintDriver.kt:1070)←LintDriver.checkProjectRoot(LintDriver.kt:622)←LintDriver.access$checkProjectRoot(LintDriver.kt:174)←LintDriver$analyzeOnly$1.invoke(LintDriver.kt:445)←LintDriver$analyzeOnly$1.invoke(LintDriver.kt:442)←LintDriver.doAnalyze(LintDriver.kt:501)←LintDriver.analyzeOnly(LintDriver.kt:442)←LintCliClient$analyzeOnly$1.invoke(LintCliClient.kt:258)←LintCliClient$analyzeOnly$1.invoke(LintCliClient.kt:255)←LintCliClient.run(LintCliClient.kt:312)←LintCliClient.analyzeOnly(LintCliClient.kt:255)←Main.run(Main.java:1766)←Main.run(Main.java:282)←DirectMethodHandleAccessor.invoke(DirectMethodHandleAccessor.java:103)←Method.invoke(Method.java:580)←AndroidLintWorkAction.invokeLintMainRunMethod(AndroidLintWorkAction.kt:103)←AndroidLintWorkAction.runLint(AndroidLintWorkAction.kt:90)←AndroidLintWorkAction.execute(AndroidLintWorkAction.kt:64)←DefaultWorkerServer.execute(DefaultWorkerServer.java:68)←NoIsolationWorkerFactory$1$1.create(NoIsolationWorkerFactory.java:64)←NoIsolationWorkerFactory$1$1.create(NoIsolationWorkerFactory.java:61)←ClassLoaderUtils.executeInClassloader(ClassLoaderUtils.java:102)←NoIsolationWorkerFactory$1.lambda$execute$0(NoIsolationWorkerFactory.java:61)←AbstractWorker$1.call(AbstractWorker.java:44)←AbstractWorker$1.call(AbstractWorker.java:41)←DefaultBuildOperationRunner$CallableBuildOperationWorker.execute(DefaultBuildOperationRunner.java:209)←DefaultBuildOperationRunner$CallableBuildOperationWorker.execute(DefaultBuildOperationRunner.java:204)←DefaultBuildOperationRunner$2.execute(DefaultBuildOperationRunner.java:66)←DefaultBuildOperationRunner$2.execute(DefaultBuildOperationRunner.java:59)←DefaultBuildOperationRunner.execute(DefaultBuildOperationRunner.java:166)←DefaultBuildOperationRunner.execute(DefaultBuildOperationRunner.java:59)←DefaultBuildOperationRunner.call(DefaultBuildOperationRunner.java:53)←AbstractWorker.executeWrappedInBuildOperation(AbstractWorker.java:41)←NoIsolationWorkerFactory$1.execute(NoIsolationWorkerFactory.java:58)←DefaultWorkerExecutor.lambda$submitWork$0(DefaultWorkerExecutor.java:176)←FutureTask.run(FutureTask.java:317)←DefaultConditionalExecutionQueue$ExecutionRunner.runExecution(DefaultConditionalExecutionQueue.java:194)←DefaultConditionalExecutionQueue$ExecutionRunner.access$700(DefaultConditionalExecutionQueue.java:127)←DefaultConditionalExecutionQueue$ExecutionRunner$1.run(DefaultConditionalExecutionQueue.java:169)←Factories$1.create(Factories.java:30)←DefaultWorkerLeaseService.lambda$withLocksAcquired$0(DefaultWorkerLeaseService.java:269)←ResourceLockStatistics$1.measure(ResourceLockStatistics.java:42)←DefaultWorkerLeaseService.withLocksAcquired(DefaultWorkerLeaseService.java:267)←DefaultWorkerLeaseService.withLocks(DefaultWorkerLeaseService.java:259)←DefaultWorkerLeaseService.runAsWorkerThread(DefaultWorkerLeaseService.java:127)←DefaultWorkerLeaseService.runAsWorkerThread(DefaultWorkerLeaseService.java:132)←DefaultConditionalExecutionQueue$ExecutionRunner.runBatch(DefaultConditionalExecutionQueue.java:164)←DefaultConditionalExecutionQueue$ExecutionRunner.run(DefaultConditionalExecutionQueue.java:133)←Executors$RunnableAdapter.call(Executors.java:572)←FutureTask.run(FutureTask.java:317)←ExecutorPolicy$CatchAndRecordFailures.onExecute(ExecutorPolicy.java:64)←AbstractManagedExecutor$1.run(AbstractManagedExecutor.java:47)←ThreadPoolExecutor.runWorker(ThreadPoolExecutor.java:1144)←ThreadPoolExecutor$Worker.run(ThreadPoolExecutor.java:642)←Thread.run(Thread.java:1583)\\\`

     You can run with --stacktrace or set environment variable \\\`LINT_PRINT_STACKTRACE=true\\\` to dump a full stacktrace to stdout.
     Stack: \`RuntimeException:LintDriver$Companion.handleDetectorError(LintDriver.kt:3740)←LintDriver$Companion.handleDetectorError$default(LintDriver.kt:3607)←LintDriver$Companion.handleDetectorError(LintDriver.kt:3603)←UElementVisitor.visitFile(UElementVisitor.kt:242)←LintDriver$visitUastDetectors$1.run(LintDriver.kt:2048)←LintClient.runReadAction(LintClient.kt:1781)←LintDriver$LintClientWrapper.runReadAction(LintDriver.kt:2747)←LintDriver.visitUastDetectors(LintDriver.kt:2048)←LintDriver.visitUast(LintDriver.kt:2010)←LintDriver.runFileDetectors(LintDriver.kt:1284)←LintDriver.checkProject(LintDriver.kt:1070)←LintDriver.checkProjectRoot(LintDriver.kt:622)←LintDriver.access$checkProjectRoot(LintDriver.kt:174)←LintDriver$analyzeOnly$1.invoke(LintDriver.kt:445)←LintDriver$analyzeOnly$1.invoke(LintDriver.kt:442)←LintDriver.doAnalyze(LintDriver.kt:501)←LintDriver.analyzeOnly(LintDriver.kt:442)←LintCliClient$analyzeOnly$1.invoke(LintCliClient.kt:258)←LintCliClient$analyzeOnly$1.invoke(LintCliClient.kt:255)←LintCliClient.run(LintCliClient.kt:312)←LintCliClient.analyzeOnly(LintCliClient.kt:255)←Main.run(Main.java:1766)←Main.run(Main.java:282)←DirectMethodHandleAccessor.invoke(DirectMethodHandleAccessor.java:103)←Method.invoke(Method.java:580)←AndroidLintWorkAction.invokeLintMainRunMethod(AndroidLintWorkAction.kt:103)←AndroidLintWorkAction.runLint(AndroidLintWorkAction.kt:90)←AndroidLintWorkAction.execute(AndroidLintWorkAction.kt:64)←DefaultWorkerServer.execute(DefaultWorkerServer.java:68)←NoIsolationWorkerFactory$1$1.create(NoIsolationWorkerFactory.java:64)←NoIsolationWorkerFactory$1$1.create(NoIsolationWorkerFactory.java:61)←ClassLoaderUtils.executeInClassloader(ClassLoaderUtils.java:102)←NoIsolationWorkerFactory$1.lambda$execute$0(NoIsolationWorkerFactory.java:61)←AbstractWorker$1.call(AbstractWorker.java:44)←AbstractWorker$1.call(AbstractWorker.java:41)←DefaultBuildOperationRunner$CallableBuildOperationWorker.execute(DefaultBuildOperationRunner.java:209)←DefaultBuildOperationRunner$CallableBuildOperationWorker.execute(DefaultBuildOperationRunner.java:204)←DefaultBuildOperationRunner$2.execute(DefaultBuildOperationRunner.java:66)←DefaultBuildOperationRunner$2.execute(DefaultBuildOperationRunner.java:59)←DefaultBuildOperationRunner.execute(DefaultBuildOperationRunner.java:166)←DefaultBuildOperationRunner.execute(DefaultBuildOperationRunner.java:59)←DefaultBuildOperationRunner.call(DefaultBuildOperationRunner.java:53)←AbstractWorker.executeWrappedInBuildOperation(AbstractWorker.java:41)←NoIsolationWorkerFactory$1.execute(NoIsolationWorkerFactory.java:58)←DefaultWorkerExecutor.lambda$submitWork$0(DefaultWorkerExecutor.java:176)←FutureTask.run(FutureTask.java:317)←DefaultConditionalExecutionQueue$ExecutionRunner.runExecution(DefaultConditionalExecutionQueue.java:194)←DefaultConditionalExecutionQueue$ExecutionRunner.access$700(DefaultConditionalExecutionQueue.java:127)←DefaultConditionalExecutionQueue$ExecutionRunner$1.run(DefaultConditionalExecutionQueue.java:169)←Factories$1.create(Factories.java:30)←DefaultWorkerLeaseService.lambda$withLocksAcquired$0(DefaultWorkerLeaseService.java:269)←ResourceLockStatistics$1.measure(ResourceLockStatistics.java:42)←DefaultWorkerLeaseService.withLocksAcquired(DefaultWorkerLeaseService.java:267)←DefaultWorkerLeaseService.withLocks(DefaultWorkerLeaseService.java:259)←DefaultWorkerLeaseService.runAsWorkerThread(DefaultWorkerLeaseService.java:127)←DefaultWorkerLeaseService.runAsWorkerThread(DefaultWorkerLeaseService.java:132)←DefaultConditionalExecutionQueue$ExecutionRunner.runBatch(DefaultConditionalExecutionQueue.java:164)←DefaultConditionalExecutionQueue$ExecutionRunner.run(DefaultConditionalExecutionQueue.java:133)←Executors$RunnableAdapter.call(Executors.java:572)←FutureTask.run(FutureTask.java:317)←ExecutorPolicy$CatchAndRecordFailures.onExecute(ExecutorPolicy.java:64)←AbstractManagedExecutor$1.run(AbstractManagedExecutor.java:47)←ThreadPoolExecutor.runWorker(ThreadPoolExecutor.java:1144)←ThreadPoolExecutor$Worker.run(ThreadPoolExecutor.java:642)←Thread.run(Thread.java:1583)\`

     You can run with --stacktrace or set environment variable \`LINT_PRINT_STACKTRACE=true\` to dump a full stacktrace to stdout.
     Stack: `RuntimeException:LintDriver$Companion.handleDetectorError(LintDriver.kt:3740)←LintDriver$Companion.handleDetectorError$default(LintDriver.kt:3607)←LintDriver$Companion.handleDetectorError(LintDriver.kt:3603)←LintDriver$analyzeOnly$1.invoke(LintDriver.kt:447)←LintDriver$analyzeOnly$1.invoke(LintDriver.kt:442)←LintDriver.doAnalyze(LintDriver.kt:501)←LintDriver.analyzeOnly(LintDriver.kt:442)←LintCliClient$analyzeOnly$1.invoke(LintCliClient.kt:258)←LintCliClient$analyzeOnly$1.invoke(LintCliClient.kt:255)←LintCliClient.run(LintCliClient.kt:312)←LintCliClient.analyzeOnly(LintCliClient.kt:255)←Main.run(Main.java:1766)←Main.run(Main.java:282)←DirectMethodHandleAccessor.invoke(DirectMethodHandleAccessor.java:103)←Method.invoke(Method.java:580)←AndroidLintWorkAction.invokeLintMainRunMethod(AndroidLintWorkAction.kt:103)←AndroidLintWorkAction.runLint(AndroidLintWorkAction.kt:90)←AndroidLintWorkAction.execute(AndroidLintWorkAction.kt:64)←DefaultWorkerServer.execute(DefaultWorkerServer.java:68)←NoIsolationWorkerFactory$1$1.create(NoIsolationWorkerFactory.java:64)←NoIsolationWorkerFactory$1$1.create(NoIsolationWorkerFactory.java:61)←ClassLoaderUtils.executeInClassloader(ClassLoaderUtils.java:102)←NoIsolationWorkerFactory$1.lambda$execute$0(NoIsolationWorkerFactory.java:61)←AbstractWorker$1.call(AbstractWorker.java:44)←AbstractWorker$1.call(AbstractWorker.java:41)←DefaultBuildOperationRunner$CallableBuildOperationWorker.execute(DefaultBuildOperationRunner.java:209)←DefaultBuildOperationRunner$CallableBuildOperationWorker.execute(DefaultBuildOperationRunner.java:204)←DefaultBuildOperationRunner$2.execute(DefaultBuildOperationRunner.java:66)←DefaultBuildOperationRunner$2.execute(DefaultBuildOperationRunner.java:59)←DefaultBuildOperationRunner.execute(DefaultBuildOperationRunner.java:166)←DefaultBuildOperationRunner.execute(DefaultBuildOperationRunner.java:59)←DefaultBuildOperationRunner.call(DefaultBuildOperationRunner.java:53)←AbstractWorker.executeWrappedInBuildOperation(AbstractWorker.java:41)←NoIsolationWorkerFactory$1.execute(NoIsolationWorkerFactory.java:58)←DefaultWorkerExecutor.lambda$submitWork$0(DefaultWorkerExecutor.java:176)←FutureTask.run(FutureTask.java:317)←DefaultConditionalExecutionQueue$ExecutionRunner.runExecution(DefaultConditionalExecutionQueue.java:194)←DefaultConditionalExecutionQueue$ExecutionRunner.access$700(DefaultConditionalExecutionQueue.java:127)←DefaultConditionalExecutionQueue$ExecutionRunner$1.run(DefaultConditionalExecutionQueue.java:169)←Factories$1.create(Factories.java:30)←DefaultWorkerLeaseService.lambda$withLocksAcquired$0(DefaultWorkerLeaseService.java:269)←ResourceLockStatistics$1.measure(ResourceLockStatistics.java:42)←DefaultWorkerLeaseService.withLocksAcquired(DefaultWorkerLeaseService.java:267)←DefaultWorkerLeaseService.withLocks(DefaultWorkerLeaseService.java:259)←DefaultWorkerLeaseService.runAsWorkerThread(DefaultWorkerLeaseService.java:127)←DefaultWorkerLeaseService.runAsWorkerThread(DefaultWorkerLeaseService.java:132)←DefaultConditionalExecutionQueue$ExecutionRunner.runBatch(DefaultConditionalExecutionQueue.java:164)←DefaultConditionalExecutionQueue$ExecutionRunner.run(DefaultConditionalExecutionQueue.java:133)←Executors$RunnableAdapter.call(Executors.java:572)←FutureTask.run(FutureTask.java:317)←ExecutorPolicy$CatchAndRecordFailures.onExecute(ExecutorPolicy.java:64)←AbstractManagedExecutor$1.run(AbstractManagedExecutor.java:47)←ThreadPoolExecutor.runWorker(ThreadPoolExecutor.java:1144)←ThreadPoolExecutor$Worker.run(ThreadPoolExecutor.java:642)←Thread.run(Thread.java:1583)`

     You can run with --stacktrace or set environment variable `LINT_PRINT_STACKTRACE=true` to dump a full stacktrace to stdout.

* Try:
> Run with --stacktrace option to get the stack trace.
> Run with --info or --debug option to get more log output.
> Run with --scan to get full insights from a Build Scan (powered by Develocity).
> Get more help at https://help.gradle.org.

Deprecated Gradle features were used in this build, making it incompatible with Gradle 10.

You can use '--warning-mode all' to show the individual deprecation warnings and determine if they come from your own scripts or plugins.

For more on this, please refer to https://docs.gradle.org/9.3.1/userguide/command_line_interface.html#sec:command_line_warnings in the Gradle documentation.

BUILD FAILED in 27s
23 actionable tasks: 23 executed
